<?xml version="1.0" encoding="UTF-8"?>
<!-- Generated by org.testng.reporters.JUnitReportReporter -->
<testsuite hostname="SupriyaPrasanth" failures="0" tests="2" name="testcases.runnerclass" time="8.061" errors="0" timestamp="2025-06-23T15:53:58 IST" skipped="0">
  <testcase classname="testcases.runnerclass" name="runScenario" time="3.813"/>
  <testcase classname="testcases.runnerclass" name="runScenario" time="4.248"/>
</testsuite> <!-- testcases.runnerclass -->
